# JRE version: Java(TM) SE Runtime Environment (8.0_05-b13) (build 1.8.0_05-b13)
# Java VM: Java HotSpot(TM) 64-Bit Server VM (25.5-b02 mixed mode linux-amd64 compressed oops)
Heap:
 PSYoungGen      total 260096K, used 132081K [0x00000000e6700000, 0x00000000fa800000, 0x0000000100000000)
  eden space 254464K, 51% used [0x00000000e6700000,0x00000000ee7da470,0x00000000f5f80000)
  from space 5632K, 2% used [0x00000000f5f80000,0x00000000f5fa21d8,0x00000000f6500000)
  to   space 5120K, 0% used [0x00000000fa300000,0x00000000fa300000,0x00000000fa800000)
 ParOldGen       total 78336K, used 50544K [0x00000000b3400000, 0x00000000b8080000, 0x00000000e6700000)
  object space 78336K, 64% used [0x00000000b3400000,0x00000000b655c3f0,0x00000000b8080000)
 Metaspace       used 5980K, capacity 6076K, committed 6400K, reserved 1056768K
  class space    used 620K, capacity 660K, committed 768K, reserved 1048576K
GC Heap History (10 events):
Event: 2,083 GC heap before
{Heap before GC invocations=35 (full 0):
 PSYoungGen      total 168960K, used 162403K [0x00000000e6700000, 0x00000000f1380000, 0x0000000100000000)
  eden space 162304K, 100% used [0x00000000e6700000,0x00000000f0580000,0x00000000f0580000)
  from space 6656K, 1% used [0x00000000f0d00000,0x00000000f0d18e10,0x00000000f1380000)
  to   space 7168K, 0% used [0x00000000f0580000,0x00000000f0580000,0x00000000f0c80000)
 ParOldGen       total 78336K, used 50520K [0x00000000b3400000, 0x00000000b8080000, 0x00000000e6700000)
  object space 78336K, 64% used [0x00000000b3400000,0x00000000b65563f0,0x00000000b8080000)
 Metaspace       used 5851K, capacity 5948K, committed 6144K, reserved 1056768K
  class space    used 612K, capacity 660K, committed 768K, reserved 1048576K
Event: 2,084 GC heap after
Heap after GC invocations=35 (full 0):
 PSYoungGen      total 169472K, used 104K [0x00000000e6700000, 0x00000000f3a80000, 0x0000000100000000)
  eden space 162304K, 0% used [0x00000000e6700000,0x00000000e6700000,0x00000000f0580000)
  from space 7168K, 1% used [0x00000000f0580000,0x00000000f059a370,0x00000000f0c80000)
  to   space 6656K, 0% used [0x00000000f3400000,0x00000000f3400000,0x00000000f3a80000)
 ParOldGen       total 78336K, used 50520K [0x00000000b3400000, 0x00000000b8080000, 0x00000000e6700000)
  object space 78336K, 64% used [0x00000000b3400000,0x00000000b65563f0,0x00000000b8080000)
 Metaspace       used 5851K, capacity 5948K, committed 6144K, reserved 1056768K
  class space    used 612K, capacity 660K, committed 768K, reserved 1048576K
}
Event: 2,198 GC heap before
{Heap before GC invocations=36 (full 0):
 PSYoungGen      total 169472K, used 162408K [0x00000000e6700000, 0x00000000f3a80000, 0x0000000100000000)
  eden space 162304K, 100% used [0x00000000e6700000,0x00000000f0580000,0x00000000f0580000)
  from space 7168K, 1% used [0x00000000f0580000,0x00000000f059a370,0x00000000f0c80000)
  to   space 6656K, 0% used [0x00000000f3400000,0x00000000f3400000,0x00000000f3a80000)
 ParOldGen       total 78336K, used 50520K [0x00000000b3400000, 0x00000000b8080000, 0x00000000e6700000)
  object space 78336K, 64% used [0x00000000b3400000,0x00000000b65563f0,0x00000000b8080000)
 Metaspace       used 5871K, capacity 5948K, committed 6144K, reserved 1056768K
  class space    used 612K, capacity 660K, committed 768K, reserved 1048576K
Event: 2,201 GC heap after
Heap after GC invocations=36 (full 0):
 PSYoungGen      total 208896K, used 115K [0x00000000e6700000, 0x00000000f3980000, 0x0000000100000000)
  eden space 203264K, 0% used [0x00000000e6700000,0x00000000e6700000,0x00000000f2d80000)
  from space 5632K, 2% used [0x00000000f3400000,0x00000000f341cdf0,0x00000000f3980000)
  to   space 6144K, 0% used [0x00000000f2d80000,0x00000000f2d80000,0x00000000f3380000)
 ParOldGen       total 78336K, used 50528K [0x00000000b3400000, 0x00000000b8080000, 0x00000000e6700000)
  object space 78336K, 64% used [0x00000000b3400000,0x00000000b65583f0,0x00000000b8080000)
 Metaspace       used 5871K, capacity 5948K, committed 6144K, reserved 1056768K
  class space    used 612K, capacity 660K, committed 768K, reserved 1048576K
}
Event: 2,350 GC heap before
{Heap before GC invocations=37 (full 0):
 PSYoungGen      total 208896K, used 203379K [0x00000000e6700000, 0x00000000f3980000, 0x0000000100000000)
  eden space 203264K, 100% used [0x00000000e6700000,0x00000000f2d80000,0x00000000f2d80000)
  from space 5632K, 2% used [0x00000000f3400000,0x00000000f341cdf0,0x00000000f3980000)
  to   space 6144K, 0% used [0x00000000f2d80000,0x00000000f2d80000,0x00000000f3380000)
 ParOldGen       total 78336K, used 50528K [0x00000000b3400000, 0x00000000b8080000, 0x00000000e6700000)
  object space 78336K, 64% used [0x00000000b3400000,0x00000000b65583f0,0x00000000b8080000)
 Metaspace       used 5875K, capacity 5948K, committed 6144K, reserved 1056768K
  class space    used 612K, capacity 660K, committed 768K, reserved 1048576K
Event: 2,351 GC heap after
Heap after GC invocations=37 (full 0):
 PSYoungGen      total 209408K, used 183K [0x00000000e6700000, 0x00000000f6b80000, 0x0000000100000000)
  eden space 203264K, 0% used [0x00000000e6700000,0x00000000e6700000,0x00000000f2d80000)
  from space 6144K, 2% used [0x00000000f2d80000,0x00000000f2dadf38,0x00000000f3380000)
  to   space 6144K, 0% used [0x00000000f6580000,0x00000000f6580000,0x00000000f6b80000)
 ParOldGen       total 78336K, used 50544K [0x00000000b3400000, 0x00000000b8080000, 0x00000000e6700000)
  object space 78336K, 64% used [0x00000000b3400000,0x00000000b655c3f0,0x00000000b8080000)
 Metaspace       used 5875K, capacity 5948K, committed 6144K, reserved 1056768K
  class space    used 612K, capacity 660K, committed 768K, reserved 1048576K
}
Event: 2,496 GC heap before
{Heap before GC invocations=38 (full 0):
 PSYoungGen      total 209408K, used 203447K [0x00000000e6700000, 0x00000000f6b80000, 0x0000000100000000)
  eden space 203264K, 100% used [0x00000000e6700000,0x00000000f2d80000,0x00000000f2d80000)
  from space 6144K, 2% used [0x00000000f2d80000,0x00000000f2dadf38,0x00000000f3380000)
  to   space 6144K, 0% used [0x00000000f6580000,0x00000000f6580000,0x00000000f6b80000)
 ParOldGen       total 78336K, used 50544K [0x00000000b3400000, 0x00000000b8080000, 0x00000000e6700000)
  object space 78336K, 64% used [0x00000000b3400000,0x00000000b655c3f0,0x00000000b8080000)
 Metaspace       used 5886K, capacity 5948K, committed 6144K, reserved 1056768K
  class space    used 612K, capacity 660K, committed 768K, reserved 1048576K
Event: 2,497 GC heap after
Heap after GC invocations=38 (full 0):
 PSYoungGen      total 259584K, used 129K [0x00000000e6700000, 0x00000000f6a80000, 0x0000000100000000)
  eden space 254464K, 0% used [0x00000000e6700000,0x00000000e6700000,0x00000000f5f80000)
  from space 5120K, 2% used [0x00000000f6580000,0x00000000f65a0550,0x00000000f6a80000)
  to   space 5632K, 0% used [0x00000000f5f80000,0x00000000f5f80000,0x00000000f6500000)
 ParOldGen       total 78336K, used 50544K [0x00000000b3400000, 0x00000000b8080000, 0x00000000e6700000)
  object space 78336K, 64% used [0x00000000b3400000,0x00000000b655c3f0,0x00000000b8080000)
 Metaspace       used 5886K, capacity 5948K, committed 6144K, reserved 1056768K
  class space    used 612K, capacity 660K, committed 768K, reserved 1048576K
}
Event: 2,687 GC heap before
{Heap before GC invocations=39 (full 0):
 PSYoungGen      total 259584K, used 254593K [0x00000000e6700000, 0x00000000f6a80000, 0x0000000100000000)
  eden space 254464K, 100% used [0x00000000e6700000,0x00000000f5f80000,0x00000000f5f80000)
  from space 5120K, 2% used [0x00000000f6580000,0x00000000f65a0550,0x00000000f6a80000)
  to   space 5632K, 0% used [0x00000000f5f80000,0x00000000f5f80000,0x00000000f6500000)
 ParOldGen       total 78336K, used 50544K [0x00000000b3400000, 0x00000000b8080000, 0x00000000e6700000)
  object space 78336K, 64% used [0x00000000b3400000,0x00000000b655c3f0,0x00000000b8080000)
 Metaspace       used 5887K, capacity 5948K, committed 6144K, reserved 1056768K
  class space    used 612K, capacity 660K, committed 768K, reserved 1048576K
Event: 2,689 GC heap after
Heap after GC invocations=39 (full 0):
 PSYoungGen      total 260096K, used 136K [0x00000000e6700000, 0x00000000fa800000, 0x0000000100000000)
  eden space 254464K, 0% used [0x00000000e6700000,0x00000000e6700000,0x00000000f5f80000)
  from space 5632K, 2% used [0x00000000f5f80000,0x00000000f5fa21d8,0x00000000f6500000)
  to   space 5120K, 0% used [0x00000000fa300000,0x00000000fa300000,0x00000000fa800000)
 ParOldGen       total 78336K, used 50544K [0x00000000b3400000, 0x00000000b8080000, 0x00000000e6700000)
  object space 78336K, 64% used [0x00000000b3400000,0x00000000b655c3f0,0x00000000b8080000)
 Metaspace       used 5887K, capacity 5948K, committed 6144K, reserved 1056768K
  class space    used 612K, capacity 660K, committed 768K, reserved 1048576K
}

